c:\users\a\desktop\view\graphicview\graphicview\x64\debug\vc120.pdb
c:\users\a\desktop\view\graphicview\graphicview\x64\debug\txthelper.obj
c:\users\a\desktop\view\graphicview\graphicview\x64\debug\tiffhelper.obj
c:\users\a\desktop\view\graphicview\graphicview\x64\debug\sharedglobalvariable.obj
c:\users\a\desktop\view\graphicview\graphicview\x64\debug\qimagelabel.obj
c:\users\a\desktop\view\graphicview\graphicview\x64\debug\tiffblockmanager.obj
c:\users\a\desktop\view\graphicview\graphicview\x64\debug\readblockthread.obj
c:\users\a\desktop\view\graphicview\graphicview\x64\debug\paintminithread.obj
c:\users\a\desktop\view\graphicview\graphicview\x64\debug\mpoint.obj
c:\users\a\desktop\view\graphicview\graphicview\x64\debug\mousedata.obj
c:\users\a\desktop\view\graphicview\graphicview\x64\debug\mlog.obj
c:\users\a\desktop\view\graphicview\graphicview\x64\debug\minimap.obj
c:\users\a\desktop\view\graphicview\graphicview\x64\debug\mevent.obj
c:\users\a\desktop\view\graphicview\graphicview\x64\debug\main.obj
c:\users\a\desktop\view\graphicview\graphicview\x64\debug\leftlayout.obj
c:\users\a\desktop\view\graphicview\graphicview\x64\debug\moc_view.obj
c:\users\a\desktop\view\graphicview\graphicview\x64\debug\moc_readblockthread.obj
c:\users\a\desktop\view\graphicview\graphicview\x64\debug\moc_qimagelabel.obj
c:\users\a\desktop\view\graphicview\graphicview\x64\debug\moc_paintminithread.obj
c:\users\a\desktop\view\graphicview\graphicview\x64\debug\moc_minimap.obj
c:\users\a\desktop\view\graphicview\graphicview\x64\debug\moc_leftlayout.obj
c:\users\a\desktop\view\graphicview\graphicview\x64\debug\view.obj
c:\users\a\desktop\view\graphicview\graphicview\x64\debug\qrc_graphicview.obj
c:\users\a\desktop\view\graphicview\graphicview\generatedfiles\ui_graphicview.h
c:\users\a\desktop\view\graphicview\graphicview\generatedfiles\debug\moc_minimap.cpp
c:\users\a\desktop\view\graphicview\graphicview\generatedfiles\debug\moc_paintminithread.cpp
c:\users\a\desktop\view\graphicview\graphicview\generatedfiles\debug\moc_readblockthread.cpp
c:\users\a\desktop\view\graphicview\graphicview\generatedfiles\qrc_graphicview.cpp
c:\users\a\desktop\view\graphicview\graphicview\generatedfiles\debug\moc_leftlayout.cpp
c:\users\a\desktop\view\graphicview\graphicview\generatedfiles\debug\moc_view.cpp
c:\users\a\desktop\view\graphicview\graphicview\generatedfiles\debug\moc_qimagelabel.cpp
c:\users\a\desktop\view\graphicview\x64\debug\graphicview.ilk
c:\users\a\desktop\view\graphicview\x64\debug\graphicview.exe
c:\users\a\desktop\view\graphicview\x64\debug\graphicview.pdb
c:\users\a\desktop\view\graphicview\graphicview\x64\debug\graphicview.tlog\cl.command.1.tlog
c:\users\a\desktop\view\graphicview\graphicview\x64\debug\graphicview.tlog\cl.read.1.tlog
c:\users\a\desktop\view\graphicview\graphicview\x64\debug\graphicview.tlog\cl.write.1.tlog
c:\users\a\desktop\view\graphicview\graphicview\x64\debug\graphicview.tlog\custombuild.command.1.tlog
c:\users\a\desktop\view\graphicview\graphicview\x64\debug\graphicview.tlog\custombuild.read.1.tlog
c:\users\a\desktop\view\graphicview\graphicview\x64\debug\graphicview.tlog\custombuild.write.1.tlog
c:\users\a\desktop\view\graphicview\graphicview\x64\debug\graphicview.tlog\link.command.1.tlog
c:\users\a\desktop\view\graphicview\graphicview\x64\debug\graphicview.tlog\link.read.1.tlog
c:\users\a\desktop\view\graphicview\graphicview\x64\debug\graphicview.tlog\link.write.1.tlog
